<?xml version="1.0" encoding="UTF-8"?>
<testsuite name="Traducir palabras en google traductor" tests="1" skipped="0" failures="0" errors="0" timestamp="2021-07-27T21:17:57" hostname="CHPANPF2MCGRC" time="32.025">
  <properties/>
  <testcase name="Traducir de ingles a espanol" classname="Traducir palabras en google traductor" time="32.025"/>
  <system-out><![CDATA[esta es la palabra capturadamesa
]]></system-out>
  <system-err><![CDATA[[Test worker] WARN net.thucydides.core.steps.BaseStepListener - stepStarted: net.thucydides.core.steps.ExecutedStepDescription@61b0c0cf
[Test worker] WARN net.thucydides.core.steps.BaseStepListener - stepStarted: net.thucydides.core.steps.ExecutedStepDescription@1279d07
[Test worker] WARN net.thucydides.core.steps.BaseStepListener - stepStarted: net.thucydides.core.steps.ExecutedStepDescription@4642d4e9
jul 27, 2021 4:17:58 PM org.openqa.selenium.remote.DesiredCapabilities chrome
INFORMACIÓN: Using `new ChromeOptions()` is preferred to `DesiredCapabilities.chrome()`
[Test worker] INFO net.serenitybdd.core.webdriver.driverproviders.ProvideNewDriver - Instantiating driver
[Test worker] INFO net.serenitybdd.core.webdriver.driverproviders.ProvideNewDriver - Driver capabilities: Capabilities {acceptInsecureCerts: false, browserName: chrome, chrome.switches: --start-maximized, goog:chromeOptions: {args: [--start-maximized], extensions: []}, loggingPrefs: org.openqa.selenium.logging..., platform: ANY, version: }
Starting ChromeDriver 92.0.4515.43 (8c61b7e2989f2990d42f859cac71319137787cce-refs/branch-heads/4515@{#306}) on port 10835
Only local connections are allowed.
Please see https://chromedriver.chromium.org/security-considerations for suggestions on keeping ChromeDriver safe.
ChromeDriver was started successfully.
jul 27, 2021 4:18:00 PM org.openqa.selenium.remote.ProtocolHandshake createSession
INFORMACIÓN: Detected dialect: W3C
[Test worker] WARN net.thucydides.core.steps.BaseStepListener - stepFinished: current outcome:Traducir de ingles a espanol:Given que Caleb quiere usar el traductor de google [Caleb abrir el [Caleb opens the Google traductor]]
[Test worker] WARN net.thucydides.core.steps.BaseStepListener - stepFinished: current outcome:Traducir de ingles a espanol:Given que Caleb quiere usar el traductor de google [Caleb abrir el [Caleb opens the Google traductor]]
[Test worker] WARN net.thucydides.core.steps.BaseStepListener - stepFinished: current outcome:Traducir de ingles a espanol:Given que Caleb quiere usar el traductor de google [Caleb abrir el [Caleb opens the Google traductor]]
[Test worker] WARN net.thucydides.core.steps.BaseStepListener - stepStarted: net.thucydides.core.steps.ExecutedStepDescription@4641c919
[Test worker] WARN net.thucydides.core.steps.BaseStepListener - stepStarted: net.thucydides.core.steps.ExecutedStepDescription@28e1323c
[Test worker] WARN net.thucydides.core.steps.BaseStepListener - stepStarted: net.thucydides.core.steps.ExecutedStepDescription@2ec4814b
[Test worker] WARN net.thucydides.core.steps.BaseStepListener - stepFinished: current outcome:Traducir de ingles a espanol:Given que Caleb quiere usar el traductor de google [Caleb abrir el [Caleb opens the Google traductor]], When el traduce una palabra del ingles a espanol
| origen | destino | palabrai |
| inglés | español | table | [Caleb traducir [Caleb clicks on Idioma de origen]]
[Test worker] WARN net.thucydides.core.steps.BaseStepListener - stepStarted: net.thucydides.core.steps.ExecutedStepDescription@b1a91b3
[Test worker] WARN net.thucydides.core.steps.BaseStepListener - stepFinished: current outcome:Traducir de ingles a espanol:Given que Caleb quiere usar el traductor de google [Caleb abrir el [Caleb opens the Google traductor]], When el traduce una palabra del ingles a espanol
| origen | destino | palabrai |
| inglés | español | table | [Caleb traducir [Caleb clicks on Idioma de origen, Caleb enters 'inglés' into Ingresar el idioma original]]
[Test worker] WARN net.thucydides.core.steps.BaseStepListener - stepStarted: net.thucydides.core.steps.ExecutedStepDescription@50c2a3e2
[Test worker] WARN net.thucydides.core.steps.BaseStepListener - stepFinished: current outcome:Traducir de ingles a espanol:Given que Caleb quiere usar el traductor de google [Caleb abrir el [Caleb opens the Google traductor]], When el traduce una palabra del ingles a espanol
| origen | destino | palabrai |
| inglés | español | table | [Caleb traducir [Caleb clicks on Idioma de origen, Caleb enters 'inglés' into Ingresar el idioma original, Caleb clicks on Seleccionar el idioma de la busqueda]]
[Test worker] WARN net.thucydides.core.steps.BaseStepListener - stepStarted: net.thucydides.core.steps.ExecutedStepDescription@8595a
[Test worker] WARN net.thucydides.core.steps.BaseStepListener - stepFinished: current outcome:Traducir de ingles a espanol:Given que Caleb quiere usar el traductor de google [Caleb abrir el [Caleb opens the Google traductor]], When el traduce una palabra del ingles a espanol
| origen | destino | palabrai |
| inglés | español | table | [Caleb traducir [Caleb clicks on Idioma de origen, Caleb enters 'inglés' into Ingresar el idioma original, Caleb clicks on Seleccionar el idioma de la busqueda, Caleb clicks on Idioma a traducir]]
[Test worker] WARN net.thucydides.core.steps.BaseStepListener - stepStarted: net.thucydides.core.steps.ExecutedStepDescription@73233d31
[Test worker] WARN net.thucydides.core.steps.BaseStepListener - stepFinished: current outcome:Traducir de ingles a espanol:Given que Caleb quiere usar el traductor de google [Caleb abrir el [Caleb opens the Google traductor]], When el traduce una palabra del ingles a espanol
| origen | destino | palabrai |
| inglés | español | table | [Caleb traducir [Caleb clicks on Idioma de origen, Caleb enters 'inglés' into Ingresar el idioma original, Caleb clicks on Seleccionar el idioma de la busqueda, Caleb clicks on Idioma a traducir, Caleb enters 'español' into Ingresar el idioma a traducir]]
[Test worker] WARN net.thucydides.core.steps.BaseStepListener - stepStarted: net.thucydides.core.steps.ExecutedStepDescription@7ece84cb
[Test worker] WARN net.thucydides.core.steps.BaseStepListener - stepFinished: current outcome:Traducir de ingles a espanol:Given que Caleb quiere usar el traductor de google [Caleb abrir el [Caleb opens the Google traductor]], When el traduce una palabra del ingles a espanol
| origen | destino | palabrai |
| inglés | español | table | [Caleb traducir [Caleb clicks on Idioma de origen, Caleb enters 'inglés' into Ingresar el idioma original, Caleb clicks on Seleccionar el idioma de la busqueda, Caleb clicks on Idioma a traducir, Caleb enters 'español' into Ingresar el idioma a traducir, Caleb clicks on Seleccionar el idioma de la busqueda]]
[Test worker] WARN net.thucydides.core.steps.BaseStepListener - stepStarted: net.thucydides.core.steps.ExecutedStepDescription@1c3666bc
[Test worker] WARN net.thucydides.core.steps.BaseStepListener - stepFinished: current outcome:Traducir de ingles a espanol:Given que Caleb quiere usar el traductor de google [Caleb abrir el [Caleb opens the Google traductor]], When el traduce una palabra del ingles a espanol
| origen | destino | palabrai |
| inglés | español | table | [Caleb traducir [Caleb clicks on Idioma de origen, Caleb enters 'inglés' into Ingresar el idioma original, Caleb clicks on Seleccionar el idioma de la busqueda, Caleb clicks on Idioma a traducir, Caleb enters 'español' into Ingresar el idioma a traducir, Caleb clicks on Seleccionar el idioma de la busqueda, Caleb clicks on Ingresar el texto a traducir]]
[Test worker] WARN net.thucydides.core.steps.BaseStepListener - stepStarted: net.thucydides.core.steps.ExecutedStepDescription@4570660e
[Test worker] WARN net.thucydides.core.steps.BaseStepListener - stepFinished: current outcome:Traducir de ingles a espanol:Given que Caleb quiere usar el traductor de google [Caleb abrir el [Caleb opens the Google traductor]], When el traduce una palabra del ingles a espanol
| origen | destino | palabrai |
| inglés | español | table | [Caleb traducir [Caleb clicks on Idioma de origen, Caleb enters 'inglés' into Ingresar el idioma original, Caleb clicks on Seleccionar el idioma de la busqueda, Caleb clicks on Idioma a traducir, Caleb enters 'español' into Ingresar el idioma a traducir, Caleb clicks on Seleccionar el idioma de la busqueda, Caleb clicks on Ingresar el texto a traducir, Caleb enters 'table' into Ingresar el texto a traducir]]
[Test worker] WARN net.thucydides.core.steps.BaseStepListener - stepFinished: current outcome:Traducir de ingles a espanol:Given que Caleb quiere usar el traductor de google [Caleb abrir el [Caleb opens the Google traductor]], When el traduce una palabra del ingles a espanol
| origen | destino | palabrai |
| inglés | español | table | [Caleb traducir [Caleb clicks on Idioma de origen, Caleb enters 'inglés' into Ingresar el idioma original, Caleb clicks on Seleccionar el idioma de la busqueda, Caleb clicks on Idioma a traducir, Caleb enters 'español' into Ingresar el idioma a traducir, Caleb clicks on Seleccionar el idioma de la busqueda, Caleb clicks on Ingresar el texto a traducir, Caleb enters 'table' into Ingresar el texto a traducir]]
[Test worker] WARN net.thucydides.core.steps.BaseStepListener - stepFinished: current outcome:Traducir de ingles a espanol:Given que Caleb quiere usar el traductor de google [Caleb abrir el [Caleb opens the Google traductor]], When el traduce una palabra del ingles a espanol
| origen | destino | palabrai |
| inglés | español | table | [Caleb traducir [Caleb clicks on Idioma de origen, Caleb enters 'inglés' into Ingresar el idioma original, Caleb clicks on Seleccionar el idioma de la busqueda, Caleb clicks on Idioma a traducir, Caleb enters 'español' into Ingresar el idioma a traducir, Caleb clicks on Seleccionar el idioma de la busqueda, Caleb clicks on Ingresar el texto a traducir, Caleb enters 'table' into Ingresar el texto a traducir]]
[Test worker] WARN net.thucydides.core.steps.BaseStepListener - stepStarted: net.thucydides.core.steps.ExecutedStepDescription@669ae41b
[Test worker] WARN net.thucydides.core.steps.BaseStepListener - stepStarted: net.thucydides.core.steps.ExecutedStepDescription@5a59153a
[Test worker] WARN net.thucydides.core.steps.BaseStepListener - stepFinished: current outcome:Traducir de ingles a espanol:Given que Caleb quiere usar el traductor de google [Caleb abrir el [Caleb opens the Google traductor]], When el traduce una palabra del ingles a espanol
| origen | destino | palabrai |
| inglés | español | table | [Caleb traducir [Caleb clicks on Idioma de origen, Caleb enters 'inglés' into Ingresar el idioma original, Caleb clicks on Seleccionar el idioma de la busqueda, Caleb clicks on Idioma a traducir, Caleb enters 'español' into Ingresar el idioma a traducir, Caleb clicks on Seleccionar el idioma de la busqueda, Caleb clicks on Ingresar el texto a traducir, Caleb enters 'table' into Ingresar el texto a traducir]], Then el deberia ver la palabra traducida del ingles al espanol
| palabrae |
| mesa | [Then Verificar la traduccion]
[Test worker] WARN net.thucydides.core.steps.BaseStepListener - stepFinished: current outcome:Traducir de ingles a espanol:Given que Caleb quiere usar el traductor de google [Caleb abrir el [Caleb opens the Google traductor]], When el traduce una palabra del ingles a espanol
| origen | destino | palabrai |
| inglés | español | table | [Caleb traducir [Caleb clicks on Idioma de origen, Caleb enters 'inglés' into Ingresar el idioma original, Caleb clicks on Seleccionar el idioma de la busqueda, Caleb clicks on Idioma a traducir, Caleb enters 'español' into Ingresar el idioma a traducir, Caleb clicks on Seleccionar el idioma de la busqueda, Caleb clicks on Ingresar el texto a traducir, Caleb enters 'table' into Ingresar el texto a traducir]], Then el deberia ver la palabra traducida del ingles al espanol
| palabrae |
| mesa | [Then Verificar la traduccion]
[Test worker] WARN net.thucydides.core.steps.BaseStepListener - testFinished: Traducir de ingles a espanol:Given que Caleb quiere usar el traductor de google [Caleb abrir el [Caleb opens the Google traductor]], When el traduce una palabra del ingles a espanol
| origen | destino | palabrai |
| inglés | español | table | [Caleb traducir [Caleb clicks on Idioma de origen, Caleb enters 'inglés' into Ingresar el idioma original, Caleb clicks on Seleccionar el idioma de la busqueda, Caleb clicks on Idioma a traducir, Caleb enters 'español' into Ingresar el idioma a traducir, Caleb clicks on Seleccionar el idioma de la busqueda, Caleb clicks on Ingresar el texto a traducir, Caleb enters 'table' into Ingresar el texto a traducir]], Then el deberia ver la palabra traducida del ingles al espanol
| palabrae |
| mesa | [Then Verificar la traduccion]
[Test worker] WARN net.thucydides.core.steps.BaseStepListener - TestOutcomes: [Traducir de ingles a espanol:Given que Caleb quiere usar el traductor de google [Caleb abrir el [Caleb opens the Google traductor]], When el traduce una palabra del ingles a espanol
| origen | destino | palabrai |
| inglés | español | table | [Caleb traducir [Caleb clicks on Idioma de origen, Caleb enters 'inglés' into Ingresar el idioma original, Caleb clicks on Seleccionar el idioma de la busqueda, Caleb clicks on Idioma a traducir, Caleb enters 'español' into Ingresar el idioma a traducir, Caleb clicks on Seleccionar el idioma de la busqueda, Caleb clicks on Ingresar el texto a traducir, Caleb enters 'table' into Ingresar el texto a traducir]], Then el deberia ver la palabra traducida del ingles al espanol
| palabrae |
| mesa | [Then Verificar la traduccion]]
[Test worker] WARN net.thucydides.core.steps.BaseStepListener - Final testOutcomes: [Traducir de ingles a espanol:Given que Caleb quiere usar el traductor de google [Caleb abrir el [Caleb opens the Google traductor]], When el traduce una palabra del ingles a espanol
| origen | destino | palabrai |
| inglés | español | table | [Caleb traducir [Caleb clicks on Idioma de origen, Caleb enters 'inglés' into Ingresar el idioma original, Caleb clicks on Seleccionar el idioma de la busqueda, Caleb clicks on Idioma a traducir, Caleb enters 'español' into Ingresar el idioma a traducir, Caleb clicks on Seleccionar el idioma de la busqueda, Caleb clicks on Ingresar el texto a traducir, Caleb enters 'table' into Ingresar el texto a traducir]], Then el deberia ver la palabra traducida del ingles al espanol
| palabrae |
| mesa | [Then Verificar la traduccion]]
[Test worker] INFO net.thucydides.core.steps.ConsoleLoggingListener - 
        __    _____ _____ ____ _____   ____   _    ____  ____  _____ ____  
  _     \ \  |_   _| ____/ ___|_   _| |  _ \ / \  / ___|/ ___|| ____|  _ \ 
 (_)_____| |   | | |  _| \___ \ | |   | |_) / _ \ \___ \\___ \|  _| | | | |
  _|_____| |   | | | |___ ___) || |   |  __/ ___ \ ___) |___) | |___| |_| |
 (_)     | |   |_| |_____|____/ |_|   |_| /_/   \_\____/|____/|_____|____/ 
        /_/                                                                

TEST PASSED: Traducir de ingles a espanol
----------------------------------------------------------------------------
]]></system-err>
</testsuite>
